Using pre-set license
Built from '2020.3/staging' branch; Version is '2020.3.10f1 (297d780c91bc) revision 2719096'; Using compiler version '192528614'; Build Type 'Release'
OS: 'Windows 10 Pro; OS build 19042.1110; Version 2009; 64bit' Language: 'ru' Physical Memory: 16309 MB
BatchMode: 1, IsHumanControllingUs: 0, StartBugReporterOnCrash: 0, Is64bit: 1, IsPro: 0

 COMMAND LINE ARGUMENTS:
C:\Program Files\Unity\2020.3.10f1\Editor\Unity.exe
-adb2
-batchMode
-noUpm
-name
AssetImportWorker0
-projectPath
C:/Projects/Unity/Colorful-Figures
-logFile
Logs/AssetImportWorker0.log
-srvPort
49680
Successfully changed project path to: C:/Projects/Unity/Colorful-Figures
C:/Projects/Unity/Colorful-Figures
Using Asset Import Pipeline V2.
Refreshing native plugins compatible for Editor in 56.81 ms, found 3 plugins.
Preloading 0 native plugins for Editor in 0.00 ms.
Initialize engine version: 2020.3.10f1 (297d780c91bc)
[Subsystems] Discovering subsystems at path C:/Program Files/Unity/2020.3.10f1/Editor/Data/Resources/UnitySubsystems
[Subsystems] Discovering subsystems at path C:/Projects/Unity/Colorful-Figures/Assets
GfxDevice: creating device client; threaded=0
Direct3D:
    Version:  Direct3D 11.0 [level 11.1]
    Renderer: NVIDIA GeForce GTX 1660 (ID=0x2184)
    Vendor:   
    VRAM:     5991 MB
    Driver:   30.0.14.7141
Shader 'Universal Render Pipeline/Particles/Lit': fallback shader 'Universal Render Pipeline/Particles/SimpleLit' not found
Initialize mono
Mono path[0] = 'C:/Program Files/Unity/2020.3.10f1/Editor/Data/Managed'
Mono path[1] = 'C:/Program Files/Unity/2020.3.10f1/Editor/Data/MonoBleedingEdge/lib/mono/unityjit'
Mono config path = 'C:/Program Files/Unity/2020.3.10f1/Editor/Data/MonoBleedingEdge/etc'
Using monoOptions --debugger-agent=transport=dt_socket,embedding=1,server=y,suspend=n,address=127.0.0.1:56344
Begin MonoManager ReloadAssembly
Registering precompiled unity dll's ...
Register platform support module: C:/Program Files/Unity/2020.3.10f1/Editor/Data/PlaybackEngines/WindowsStandaloneSupport/UnityEditor.WindowsStandalone.Extensions.dll
Registered in 0.001757 seconds.
Native extension for WindowsStandalone target not found
Refreshing native plugins compatible for Editor in 58.14 ms, found 3 plugins.
Preloading 0 native plugins for Editor in 0.00 ms.
Mono: successfully reloaded assembly
- Completed reload, in  1.656 seconds
Platform modules already initialized, skipping
Registering precompiled user dll's ...
Registered in 0.004793 seconds.
Begin MonoManager ReloadAssembly
Native extension for WindowsStandalone target not found
Refreshing native plugins compatible for Editor in 61.70 ms, found 3 plugins.
Preloading 0 native plugins for Editor in 0.00 ms.
Mono: successfully reloaded assembly
- Completed reload, in  1.081 seconds
Platform modules already initialized, skipping
========================================================================
Worker process is ready to serve import requests
Shader 'Universal Render Pipeline/Particles/Lit': fallback shader 'Universal Render Pipeline/Particles/SimpleLit' not found
Launched and connected shader compiler UnityShaderCompiler.exe after 0.04 seconds
Refreshing native plugins compatible for Editor in 0.71 ms, found 3 plugins.
Preloading 0 native plugins for Editor in 0.00 ms.
Unloading 3254 Unused Serialized files (Serialized files now loaded: 0)
System memory in use before: 142.1 MB.
System memory in use after: 142.2 MB.

Unloading 34 unused Assets to reduce memory usage. Loaded Objects now: 3689.
Total: 2.565200 ms (FindLiveObjects: 0.371300 ms CreateObjectMapping: 0.080600 ms MarkObjects: 1.985100 ms  DeleteObjects: 0.126800 ms)

========================================================================
Received Import Request.
  path: Assets/Scripts/Colors.cs
  artifactKey: Guid(a99125a7e65b6314a824f06b8df25210) Importer(815301076,1909f56bfc062723c751e8b465ee728b)
Start importing Assets/Scripts/Colors.cs using Guid(a99125a7e65b6314a824f06b8df25210) Importer(815301076,1909f56bfc062723c751e8b465ee728b)  -> (artifact id: 'cf8cc6c9835d00529d2bee576a35e04e') in 0.034889 seconds
  Import took 0.040213 seconds .

========================================================================
Received Prepare
Shader 'Universal Render Pipeline/Particles/Lit': fallback shader 'Universal Render Pipeline/Particles/SimpleLit' not found
Refreshing native plugins compatible for Editor in 4.11 ms, found 3 plugins.
Preloading 0 native plugins for Editor in 0.00 ms.
Unloading 20 Unused Serialized files (Serialized files now loaded: 0)
System memory in use before: 72.3 MB.
System memory in use after: 72.4 MB.

Unloading 20 unused Assets to reduce memory usage. Loaded Objects now: 3689.
Total: 2.695700 ms (FindLiveObjects: 0.368700 ms CreateObjectMapping: 0.082500 ms MarkObjects: 2.142100 ms  DeleteObjects: 0.100800 ms)

========================================================================
Received Import Request.
  Time since last request: 219.596523 seconds.
  path: Assets/Scripts/Colors.cs
  artifactKey: Guid(a99125a7e65b6314a824f06b8df25210) Importer(815301076,1909f56bfc062723c751e8b465ee728b)
Start importing Assets/Scripts/Colors.cs using Guid(a99125a7e65b6314a824f06b8df25210) Importer(815301076,1909f56bfc062723c751e8b465ee728b)  -> (artifact id: 'a7bd631289907494b7a02a54a37f3743') in 0.005865 seconds
  Import took 0.010860 seconds .

========================================================================
Received Prepare
Registering precompiled user dll's ...
Registered in 0.003782 seconds.
Begin MonoManager ReloadAssembly
Native extension for WindowsStandalone target not found
Refreshing native plugins compatible for Editor in 1.13 ms, found 3 plugins.
Preloading 0 native plugins for Editor in 0.00 ms.
Mono: successfully reloaded assembly
- Completed reload, in  0.974 seconds
Platform modules already initialized, skipping
Switching build target platform(19) subTarget(0) extendedPlatform(0) -> platform(13) subTarget(537395200) extendedPlatform(0)
Shader 'Universal Render Pipeline/Particles/Lit': fallback shader 'Universal Render Pipeline/Particles/SimpleLit' not found
Refreshing native plugins compatible for Editor in 0.69 ms, found 3 plugins.
Preloading 0 native plugins for Editor in 0.00 ms.
Unloading 3134 Unused Serialized files (Serialized files now loaded: 0)
System memory in use before: 133.3 MB.
System memory in use after: 133.4 MB.

Unloading 22 unused Assets to reduce memory usage. Loaded Objects now: 3693.
Total: 2.728900 ms (FindLiveObjects: 0.332200 ms CreateObjectMapping: 0.080700 ms MarkObjects: 2.185500 ms  DeleteObjects: 0.129500 ms)

AssetImportParameters requested are different than current active one (requested -> active):
  custom:graphics/normal-map-encoding: 01000000000000000000000000000000 -> 02000000000000000000000000000000
========================================================================
Received Prepare
Registering precompiled user dll's ...
Registered in 0.004201 seconds.
Begin MonoManager ReloadAssembly
Native extension for WindowsStandalone target not found
Refreshing native plugins compatible for Editor in 0.68 ms, found 3 plugins.
Preloading 0 native plugins for Editor in 0.00 ms.
Mono: successfully reloaded assembly
- Completed reload, in  0.914 seconds
Platform modules already initialized, skipping
Switching build target platform(19) subTarget(0) extendedPlatform(0) -> platform(13) subTarget(537395200) extendedPlatform(0)
Shader 'Universal Render Pipeline/Particles/Lit': fallback shader 'Universal Render Pipeline/Particles/SimpleLit' not found
Refreshing native plugins compatible for Editor in 0.83 ms, found 3 plugins.
Preloading 0 native plugins for Editor in 0.00 ms.
Unloading 3134 Unused Serialized files (Serialized files now loaded: 0)
System memory in use before: 133.4 MB.
System memory in use after: 133.5 MB.

Unloading 22 unused Assets to reduce memory usage. Loaded Objects now: 3697.
Total: 2.884300 ms (FindLiveObjects: 0.338800 ms CreateObjectMapping: 0.084500 ms MarkObjects: 2.328100 ms  DeleteObjects: 0.131600 ms)

AssetImportParameters requested are different than current active one (requested -> active):
  custom:graphics/normal-map-encoding: 01000000000000000000000000000000 -> 02000000000000000000000000000000
========================================================================
Received Import Request.
  Time since last request: 7.980014 seconds.
  path: Assets/Scripts/Colors.cs
  artifactKey: Guid(a99125a7e65b6314a824f06b8df25210) Importer(815301076,1909f56bfc062723c751e8b465ee728b)
Start importing Assets/Scripts/Colors.cs using Guid(a99125a7e65b6314a824f06b8df25210) Importer(815301076,1909f56bfc062723c751e8b465ee728b)  -> (artifact id: '7d2c95d4218531e8ad098bc0cd41ef9b') in 0.005712 seconds
  Import took 0.009991 seconds .

========================================================================
Received Prepare
Registering precompiled user dll's ...
Registered in 0.004361 seconds.
Begin MonoManager ReloadAssembly
Native extension for WindowsStandalone target not found
Refreshing native plugins compatible for Editor in 0.68 ms, found 3 plugins.
Preloading 0 native plugins for Editor in 0.00 ms.
Mono: successfully reloaded assembly
- Completed reload, in  0.935 seconds
Platform modules already initialized, skipping
Switching build target platform(19) subTarget(0) extendedPlatform(0) -> platform(13) subTarget(537395200) extendedPlatform(0)
Shader 'Universal Render Pipeline/Particles/Lit': fallback shader 'Universal Render Pipeline/Particles/SimpleLit' not found
Refreshing native plugins compatible for Editor in 0.67 ms, found 3 plugins.
Preloading 0 native plugins for Editor in 0.00 ms.
Unloading 3134 Unused Serialized files (Serialized files now loaded: 0)
System memory in use before: 133.4 MB.
System memory in use after: 133.5 MB.

Unloading 22 unused Assets to reduce memory usage. Loaded Objects now: 3701.
Total: 3.257600 ms (FindLiveObjects: 0.316500 ms CreateObjectMapping: 0.092500 ms MarkObjects: 2.724200 ms  DeleteObjects: 0.123100 ms)

AssetImportParameters requested are different than current active one (requested -> active):
  custom:graphics/normal-map-encoding: 01000000000000000000000000000000 -> 02000000000000000000000000000000
========================================================================
Received Prepare
Registering precompiled user dll's ...
Registered in 0.003952 seconds.
Begin MonoManager ReloadAssembly
Native extension for WindowsStandalone target not found
Refreshing native plugins compatible for Editor in 0.66 ms, found 3 plugins.
Preloading 0 native plugins for Editor in 0.00 ms.
Mono: successfully reloaded assembly
- Completed reload, in  0.927 seconds
Platform modules already initialized, skipping
Switching build target platform(19) subTarget(0) extendedPlatform(0) -> platform(13) subTarget(537395200) extendedPlatform(0)
Shader 'Universal Render Pipeline/Particles/Lit': fallback shader 'Universal Render Pipeline/Particles/SimpleLit' not found
Refreshing native plugins compatible for Editor in 0.68 ms, found 3 plugins.
Preloading 0 native plugins for Editor in 0.00 ms.
Unloading 3134 Unused Serialized files (Serialized files now loaded: 0)
System memory in use before: 133.4 MB.
System memory in use after: 133.5 MB.

Unloading 22 unused Assets to reduce memory usage. Loaded Objects now: 3705.
Total: 2.536800 ms (FindLiveObjects: 0.363700 ms CreateObjectMapping: 0.078000 ms MarkObjects: 1.978800 ms  DeleteObjects: 0.115000 ms)

AssetImportParameters requested are different than current active one (requested -> active):
  custom:graphics/normal-map-encoding: 01000000000000000000000000000000 -> 02000000000000000000000000000000
========================================================================
Received Prepare
Registering precompiled user dll's ...
Registered in 0.004150 seconds.
Begin MonoManager ReloadAssembly
Native extension for WindowsStandalone target not found
Refreshing native plugins compatible for Editor in 0.72 ms, found 3 plugins.
Preloading 0 native plugins for Editor in 0.00 ms.
Mono: successfully reloaded assembly
- Completed reload, in  0.971 seconds
Platform modules already initialized, skipping
Switching build target platform(19) subTarget(0) extendedPlatform(0) -> platform(13) subTarget(537395200) extendedPlatform(0)
Shader 'Universal Render Pipeline/Particles/Lit': fallback shader 'Universal Render Pipeline/Particles/SimpleLit' not found
Refreshing native plugins compatible for Editor in 0.69 ms, found 3 plugins.
Preloading 0 native plugins for Editor in 0.00 ms.
Unloading 3134 Unused Serialized files (Serialized files now loaded: 0)
System memory in use before: 133.4 MB.
System memory in use after: 133.5 MB.

Unloading 22 unused Assets to reduce memory usage. Loaded Objects now: 3709.
Total: 3.105600 ms (FindLiveObjects: 0.537800 ms CreateObjectMapping: 0.098000 ms MarkObjects: 2.334100 ms  DeleteObjects: 0.133800 ms)

AssetImportParameters requested are different than current active one (requested -> active):
  custom:graphics/normal-map-encoding: 01000000000000000000000000000000 -> 02000000000000000000000000000000
========================================================================
Received Prepare
Registering precompiled user dll's ...
Registered in 0.003957 seconds.
Begin MonoManager ReloadAssembly
Native extension for WindowsStandalone target not found
Refreshing native plugins compatible for Editor in 1.02 ms, found 3 plugins.
Preloading 0 native plugins for Editor in 0.00 ms.
Mono: successfully reloaded assembly
- Completed reload, in  0.964 seconds
Platform modules already initialized, skipping
Switching build target platform(19) subTarget(0) extendedPlatform(0) -> platform(13) subTarget(537395200) extendedPlatform(0)
Shader 'Universal Render Pipeline/Particles/Lit': fallback shader 'Universal Render Pipeline/Particles/SimpleLit' not found
Refreshing native plugins compatible for Editor in 0.69 ms, found 3 plugins.
Preloading 0 native plugins for Editor in 0.00 ms.
Unloading 3134 Unused Serialized files (Serialized files now loaded: 0)
System memory in use before: 133.4 MB.
System memory in use after: 133.5 MB.

Unloading 22 unused Assets to reduce memory usage. Loaded Objects now: 3713.
Total: 2.814400 ms (FindLiveObjects: 0.452400 ms CreateObjectMapping: 0.163700 ms MarkObjects: 2.074300 ms  DeleteObjects: 0.122900 ms)

AssetImportParameters requested are different than current active one (requested -> active):
  custom:graphics/normal-map-encoding: 01000000000000000000000000000000 -> 02000000000000000000000000000000
========================================================================
Received Prepare
Registering precompiled user dll's ...
Registered in 0.003730 seconds.
Begin MonoManager ReloadAssembly
Native extension for WindowsStandalone target not found
Refreshing native plugins compatible for Editor in 0.71 ms, found 3 plugins.
Preloading 0 native plugins for Editor in 0.00 ms.
Mono: successfully reloaded assembly
- Completed reload, in  0.906 seconds
Platform modules already initialized, skipping
Switching build target platform(19) subTarget(0) extendedPlatform(0) -> platform(13) subTarget(537395200) extendedPlatform(0)
Shader 'Universal Render Pipeline/Particles/Lit': fallback shader 'Universal Render Pipeline/Particles/SimpleLit' not found
Refreshing native plugins compatible for Editor in 0.69 ms, found 3 plugins.
Preloading 0 native plugins for Editor in 0.00 ms.
Unloading 3134 Unused Serialized files (Serialized files now loaded: 0)
System memory in use before: 133.4 MB.
System memory in use after: 133.5 MB.

Unloading 22 unused Assets to reduce memory usage. Loaded Objects now: 3717.
Total: 2.714500 ms (FindLiveObjects: 0.294000 ms CreateObjectMapping: 0.076200 ms MarkObjects: 2.221000 ms  DeleteObjects: 0.122400 ms)

AssetImportParameters requested are different than current active one (requested -> active):
  custom:graphics/normal-map-encoding: 01000000000000000000000000000000 -> 02000000000000000000000000000000
========================================================================
Received Prepare
Registering precompiled user dll's ...
Registered in 0.003995 seconds.
Begin MonoManager ReloadAssembly
Native extension for WindowsStandalone target not found
Refreshing native plugins compatible for Editor in 0.67 ms, found 3 plugins.
Preloading 0 native plugins for Editor in 0.00 ms.
Mono: successfully reloaded assembly
- Completed reload, in  0.943 seconds
Platform modules already initialized, skipping
Switching build target platform(19) subTarget(0) extendedPlatform(0) -> platform(13) subTarget(537395200) extendedPlatform(0)
Shader 'Universal Render Pipeline/Particles/Lit': fallback shader 'Universal Render Pipeline/Particles/SimpleLit' not found
Refreshing native plugins compatible for Editor in 0.65 ms, found 3 plugins.
Preloading 0 native plugins for Editor in 0.00 ms.
Unloading 3134 Unused Serialized files (Serialized files now loaded: 0)
System memory in use before: 133.5 MB.
System memory in use after: 133.6 MB.

Unloading 22 unused Assets to reduce memory usage. Loaded Objects now: 3721.
Total: 3.433500 ms (FindLiveObjects: 0.306900 ms CreateObjectMapping: 0.192200 ms MarkObjects: 2.808000 ms  DeleteObjects: 0.125400 ms)

AssetImportParameters requested are different than current active one (requested -> active):
  custom:graphics/normal-map-encoding: 01000000000000000000000000000000 -> 02000000000000000000000000000000
========================================================================
Received Prepare
Registering precompiled user dll's ...
Registered in 0.003693 seconds.
Begin MonoManager ReloadAssembly
Native extension for WindowsStandalone target not found
Refreshing native plugins compatible for Editor in 0.66 ms, found 3 plugins.
Preloading 0 native plugins for Editor in 0.00 ms.
Mono: successfully reloaded assembly
- Completed reload, in  0.909 seconds
Platform modules already initialized, skipping
Switching build target platform(19) subTarget(0) extendedPlatform(0) -> platform(13) subTarget(537395200) extendedPlatform(0)
Shader 'Universal Render Pipeline/Particles/Lit': fallback shader 'Universal Render Pipeline/Particles/SimpleLit' not found
Refreshing native plugins compatible for Editor in 0.67 ms, found 3 plugins.
Preloading 0 native plugins for Editor in 0.00 ms.
Unloading 3134 Unused Serialized files (Serialized files now loaded: 0)
System memory in use before: 133.5 MB.
System memory in use after: 133.6 MB.

Unloading 22 unused Assets to reduce memory usage. Loaded Objects now: 3725.
Total: 2.658200 ms (FindLiveObjects: 0.304500 ms CreateObjectMapping: 0.075900 ms MarkObjects: 2.146100 ms  DeleteObjects: 0.130600 ms)

AssetImportParameters requested are different than current active one (requested -> active):
  custom:graphics/normal-map-encoding: 01000000000000000000000000000000 -> 02000000000000000000000000000000
========================================================================
Received Import Request.
  Time since last request: 1392.339202 seconds.
  path: Assets/Scenes/Main.unity
  artifactKey: Guid(2cda990e2423bbf4892e6590ba056729) Importer(815301076,1909f56bfc062723c751e8b465ee728b)
Start importing Assets/Scenes/Main.unity using Guid(2cda990e2423bbf4892e6590ba056729) Importer(815301076,1909f56bfc062723c751e8b465ee728b)  -> (artifact id: '20d3ea53d1f3528a55722094f8097640') in 0.026163 seconds
  Import took 0.030885 seconds .

========================================================================
Received Prepare
Registering precompiled user dll's ...
Registered in 0.003707 seconds.
Begin MonoManager ReloadAssembly
Native extension for WindowsStandalone target not found
Refreshing native plugins compatible for Editor in 0.67 ms, found 3 plugins.
Preloading 0 native plugins for Editor in 0.00 ms.
Mono: successfully reloaded assembly
- Completed reload, in  0.961 seconds
Platform modules already initialized, skipping
Switching build target platform(19) subTarget(0) extendedPlatform(0) -> platform(13) subTarget(537395200) extendedPlatform(0)
Shader 'Universal Render Pipeline/Particles/Lit': fallback shader 'Universal Render Pipeline/Particles/SimpleLit' not found
Refreshing native plugins compatible for Editor in 0.69 ms, found 3 plugins.
Preloading 0 native plugins for Editor in 0.00 ms.
Unloading 3134 Unused Serialized files (Serialized files now loaded: 0)
System memory in use before: 133.5 MB.
System memory in use after: 133.6 MB.

Unloading 22 unused Assets to reduce memory usage. Loaded Objects now: 3729.
Total: 2.760200 ms (FindLiveObjects: 0.320500 ms CreateObjectMapping: 0.084600 ms MarkObjects: 2.225100 ms  DeleteObjects: 0.129000 ms)

AssetImportParameters requested are different than current active one (requested -> active):
  custom:graphics/normal-map-encoding: 01000000000000000000000000000000 -> 02000000000000000000000000000000
========================================================================
Received Import Request.
  Time since last request: 188.801801 seconds.
  path: Assets/Scenes/Menu.unity
  artifactKey: Guid(f183718dbe992734d818cd94a1f5af2b) Importer(815301076,1909f56bfc062723c751e8b465ee728b)
Start importing Assets/Scenes/Menu.unity using Guid(f183718dbe992734d818cd94a1f5af2b) Importer(815301076,1909f56bfc062723c751e8b465ee728b)  -> (artifact id: '5c0a4df33bce6f2b5b8a322dbe34072b') in 0.017034 seconds
  Import took 0.021745 seconds .

========================================================================
Received Import Request.
  Time since last request: 6.234348 seconds.
  path: Assets/Scripts/Colors.cs
  artifactKey: Guid(a99125a7e65b6314a824f06b8df25210) Importer(815301076,1909f56bfc062723c751e8b465ee728b)
Start importing Assets/Scripts/Colors.cs using Guid(a99125a7e65b6314a824f06b8df25210) Importer(815301076,1909f56bfc062723c751e8b465ee728b)  -> (artifact id: '03d23b35d357ef41e5ec752c76e2bb0b') in 0.002293 seconds
  Import took 0.007014 seconds .

========================================================================
Received Import Request.
  Time since last request: 0.000824 seconds.
  path: Assets/Scripts/Colors.cs
  artifactKey: Guid(a99125a7e65b6314a824f06b8df25210) Importer(815301076,1909f56bfc062723c751e8b465ee728b)
Start importing Assets/Scripts/Colors.cs using Guid(a99125a7e65b6314a824f06b8df25210) Importer(815301076,1909f56bfc062723c751e8b465ee728b)  -> (artifact id: '03d23b35d357ef41e5ec752c76e2bb0b') in 0.001655 seconds
  Import took 0.005827 seconds .

========================================================================
Received Import Request.
  Time since last request: 137.679251 seconds.
  path: Assets/Scripts/Colors.cs
  artifactKey: Guid(a99125a7e65b6314a824f06b8df25210) Importer(815301076,1909f56bfc062723c751e8b465ee728b)
Start importing Assets/Scripts/Colors.cs using Guid(a99125a7e65b6314a824f06b8df25210) Importer(815301076,1909f56bfc062723c751e8b465ee728b)  -> (artifact id: '9777ac394600077d016a2b77aada5931') in 0.002153 seconds
  Import took 0.008160 seconds .

========================================================================
Received Prepare
Registering precompiled user dll's ...
Registered in 0.004039 seconds.
Begin MonoManager ReloadAssembly
Native extension for WindowsStandalone target not found
Refreshing native plugins compatible for Editor in 0.66 ms, found 3 plugins.
Preloading 0 native plugins for Editor in 0.00 ms.
Mono: successfully reloaded assembly
- Completed reload, in  0.936 seconds
Platform modules already initialized, skipping
Switching build target platform(19) subTarget(0) extendedPlatform(0) -> platform(13) subTarget(537395200) extendedPlatform(0)
Shader 'Universal Render Pipeline/Particles/Lit': fallback shader 'Universal Render Pipeline/Particles/SimpleLit' not found
Refreshing native plugins compatible for Editor in 0.66 ms, found 3 plugins.
Preloading 0 native plugins for Editor in 0.00 ms.
Unloading 3134 Unused Serialized files (Serialized files now loaded: 0)
System memory in use before: 133.5 MB.
System memory in use after: 133.6 MB.

Unloading 22 unused Assets to reduce memory usage. Loaded Objects now: 3733.
Total: 2.697200 ms (FindLiveObjects: 0.315100 ms CreateObjectMapping: 0.090600 ms MarkObjects: 2.170900 ms  DeleteObjects: 0.119900 ms)

AssetImportParameters requested are different than current active one (requested -> active):
  custom:graphics/normal-map-encoding: 01000000000000000000000000000000 -> 02000000000000000000000000000000
========================================================================
Received Prepare
Registering precompiled user dll's ...
Registered in 0.004045 seconds.
Begin MonoManager ReloadAssembly
Native extension for WindowsStandalone target not found
Refreshing native plugins compatible for Editor in 0.68 ms, found 3 plugins.
Preloading 0 native plugins for Editor in 0.00 ms.
Mono: successfully reloaded assembly
- Completed reload, in  0.997 seconds
Platform modules already initialized, skipping
Switching build target platform(19) subTarget(0) extendedPlatform(0) -> platform(13) subTarget(537395200) extendedPlatform(0)
Shader 'Universal Render Pipeline/Particles/Lit': fallback shader 'Universal Render Pipeline/Particles/SimpleLit' not found
Refreshing native plugins compatible for Editor in 0.68 ms, found 3 plugins.
Preloading 0 native plugins for Editor in 0.00 ms.
Unloading 3134 Unused Serialized files (Serialized files now loaded: 0)
System memory in use before: 133.5 MB.
System memory in use after: 133.6 MB.

Unloading 22 unused Assets to reduce memory usage. Loaded Objects now: 3737.
Total: 2.622000 ms (FindLiveObjects: 0.335300 ms CreateObjectMapping: 0.097900 ms MarkObjects: 2.073400 ms  DeleteObjects: 0.114300 ms)

AssetImportParameters requested are different than current active one (requested -> active):
  custom:graphics/normal-map-encoding: 01000000000000000000000000000000 -> 02000000000000000000000000000000
========================================================================
Received Import Request.
  Time since last request: 452.244226 seconds.
  path: Assets/Scripts/Skins.cs
  artifactKey: Guid(967dd3d2dd27ed740b9837cce0e3ba69) Importer(815301076,1909f56bfc062723c751e8b465ee728b)
Start importing Assets/Scripts/Skins.cs using Guid(967dd3d2dd27ed740b9837cce0e3ba69) Importer(815301076,1909f56bfc062723c751e8b465ee728b)  -> (artifact id: '4a1afb2f094380870d710945f6d44b36') in 0.009071 seconds
  Import took 0.014548 seconds .

========================================================================
Received Import Request.
  Time since last request: 0.000247 seconds.
  path: Assets/Scripts/Colors.cs
  artifactKey: Guid(a99125a7e65b6314a824f06b8df25210) Importer(815301076,1909f56bfc062723c751e8b465ee728b)
Start importing Assets/Scripts/Colors.cs using Guid(a99125a7e65b6314a824f06b8df25210) Importer(815301076,1909f56bfc062723c751e8b465ee728b)  -> (artifact id: '23c500c171b65d0979fd3a843e6e5b7f') in 0.001763 seconds
  Import took 0.005925 seconds .

========================================================================
Received Import Request.
  Time since last request: 18.154663 seconds.
  path: Assets/Scripts/Skins.cs
  artifactKey: Guid(967dd3d2dd27ed740b9837cce0e3ba69) Importer(815301076,1909f56bfc062723c751e8b465ee728b)
Start importing Assets/Scripts/Skins.cs using Guid(967dd3d2dd27ed740b9837cce0e3ba69) Importer(815301076,1909f56bfc062723c751e8b465ee728b)  -> (artifact id: 'b5110463bfc61cbb80585dd09b030647') in 0.002501 seconds
  Import took 0.007778 seconds .

========================================================================
Received Prepare
Registering precompiled user dll's ...
Registered in 0.003829 seconds.
Begin MonoManager ReloadAssembly
Native extension for WindowsStandalone target not found
Refreshing native plugins compatible for Editor in 0.83 ms, found 3 plugins.
Preloading 0 native plugins for Editor in 0.00 ms.
Mono: successfully reloaded assembly
- Completed reload, in  0.957 seconds
Platform modules already initialized, skipping
Switching build target platform(19) subTarget(0) extendedPlatform(0) -> platform(13) subTarget(537395200) extendedPlatform(0)
Shader 'Universal Render Pipeline/Particles/Lit': fallback shader 'Universal Render Pipeline/Particles/SimpleLit' not found
Refreshing native plugins compatible for Editor in 0.69 ms, found 3 plugins.
Preloading 0 native plugins for Editor in 0.00 ms.
Unloading 3134 Unused Serialized files (Serialized files now loaded: 0)
System memory in use before: 133.5 MB.
System memory in use after: 133.6 MB.

Unloading 22 unused Assets to reduce memory usage. Loaded Objects now: 3741.
Total: 2.865700 ms (FindLiveObjects: 0.387100 ms CreateObjectMapping: 0.121500 ms MarkObjects: 2.217300 ms  DeleteObjects: 0.138900 ms)

AssetImportParameters requested are different than current active one (requested -> active):
  custom:graphics/normal-map-encoding: 01000000000000000000000000000000 -> 02000000000000000000000000000000
========================================================================
Received Import Request.
  Time since last request: 13.807243 seconds.
  path: Assets/Scripts/Skins.cs
  artifactKey: Guid(967dd3d2dd27ed740b9837cce0e3ba69) Importer(815301076,1909f56bfc062723c751e8b465ee728b)
Start importing Assets/Scripts/Skins.cs using Guid(967dd3d2dd27ed740b9837cce0e3ba69) Importer(815301076,1909f56bfc062723c751e8b465ee728b)  -> (artifact id: '0bcaf57c6bc5295acecfb8b216fcc78c') in 0.006872 seconds
  Import took 0.013492 seconds .

========================================================================
Received Import Request.
  Time since last request: 0.059303 seconds.
  path: Assets/Scripts/Skins.cs
  artifactKey: Guid(967dd3d2dd27ed740b9837cce0e3ba69) Importer(815301076,1909f56bfc062723c751e8b465ee728b)
Start importing Assets/Scripts/Skins.cs using Guid(967dd3d2dd27ed740b9837cce0e3ba69) Importer(815301076,1909f56bfc062723c751e8b465ee728b)  -> (artifact id: '0bcaf57c6bc5295acecfb8b216fcc78c') in 0.002115 seconds
  Import took 0.007731 seconds .

========================================================================
Received Prepare
Registering precompiled user dll's ...
Registered in 0.003951 seconds.
Begin MonoManager ReloadAssembly
Native extension for WindowsStandalone target not found
Refreshing native plugins compatible for Editor in 0.87 ms, found 3 plugins.
Preloading 0 native plugins for Editor in 0.00 ms.
Mono: successfully reloaded assembly
- Completed reload, in  1.013 seconds
Platform modules already initialized, skipping
Switching build target platform(19) subTarget(0) extendedPlatform(0) -> platform(13) subTarget(537395200) extendedPlatform(0)
Shader 'Universal Render Pipeline/Particles/Lit': fallback shader 'Universal Render Pipeline/Particles/SimpleLit' not found
Refreshing native plugins compatible for Editor in 0.73 ms, found 3 plugins.
Preloading 0 native plugins for Editor in 0.00 ms.
Unloading 3134 Unused Serialized files (Serialized files now loaded: 0)
System memory in use before: 133.5 MB.
System memory in use after: 133.6 MB.

Unloading 22 unused Assets to reduce memory usage. Loaded Objects now: 3745.
Total: 3.219700 ms (FindLiveObjects: 0.287300 ms CreateObjectMapping: 0.077400 ms MarkObjects: 2.709100 ms  DeleteObjects: 0.144600 ms)

AssetImportParameters requested are different than current active one (requested -> active):
  custom:graphics/normal-map-encoding: 01000000000000000000000000000000 -> 02000000000000000000000000000000
========================================================================
Received Import Request.
  Time since last request: 6.402305 seconds.
  path: Assets/Scripts/Skins.cs
  artifactKey: Guid(967dd3d2dd27ed740b9837cce0e3ba69) Importer(815301076,1909f56bfc062723c751e8b465ee728b)
Start importing Assets/Scripts/Skins.cs using Guid(967dd3d2dd27ed740b9837cce0e3ba69) Importer(815301076,1909f56bfc062723c751e8b465ee728b)  -> (artifact id: '7954ee3a078cc239e8f59c55b25a5e69') in 0.006396 seconds
  Import took 0.011717 seconds .

========================================================================
Received Prepare
Registering precompiled user dll's ...
Registered in 0.004312 seconds.
Begin MonoManager ReloadAssembly
Native extension for WindowsStandalone target not found
Refreshing native plugins compatible for Editor in 0.75 ms, found 3 plugins.
Preloading 0 native plugins for Editor in 0.00 ms.
Mono: successfully reloaded assembly
- Completed reload, in  0.967 seconds
Platform modules already initialized, skipping
Switching build target platform(19) subTarget(0) extendedPlatform(0) -> platform(13) subTarget(537395200) extendedPlatform(0)
Shader 'Universal Render Pipeline/Particles/Lit': fallback shader 'Universal Render Pipeline/Particles/SimpleLit' not found
Refreshing native plugins compatible for Editor in 0.69 ms, found 3 plugins.
Preloading 0 native plugins for Editor in 0.00 ms.
Unloading 3134 Unused Serialized files (Serialized files now loaded: 0)
System memory in use before: 133.5 MB.
System memory in use after: 133.6 MB.

Unloading 22 unused Assets to reduce memory usage. Loaded Objects now: 3749.
Total: 2.837000 ms (FindLiveObjects: 0.396000 ms CreateObjectMapping: 0.081500 ms MarkObjects: 2.234900 ms  DeleteObjects: 0.123500 ms)

AssetImportParameters requested are different than current active one (requested -> active):
  custom:graphics/normal-map-encoding: 01000000000000000000000000000000 -> 02000000000000000000000000000000
========================================================================
Received Import Request.
  Time since last request: 6.232597 seconds.
  path: Assets/Scripts/Skins.cs
  artifactKey: Guid(967dd3d2dd27ed740b9837cce0e3ba69) Importer(815301076,1909f56bfc062723c751e8b465ee728b)
Start importing Assets/Scripts/Skins.cs using Guid(967dd3d2dd27ed740b9837cce0e3ba69) Importer(815301076,1909f56bfc062723c751e8b465ee728b)  -> (artifact id: '8d602a2f61ba7f8e86051223925a745c') in 0.006545 seconds
  Import took 0.011899 seconds .

========================================================================
Received Import Request.
  Time since last request: 0.041217 seconds.
  path: Assets/Scripts/Skins.cs
  artifactKey: Guid(967dd3d2dd27ed740b9837cce0e3ba69) Importer(815301076,1909f56bfc062723c751e8b465ee728b)
Start importing Assets/Scripts/Skins.cs using Guid(967dd3d2dd27ed740b9837cce0e3ba69) Importer(815301076,1909f56bfc062723c751e8b465ee728b)  -> (artifact id: '8d602a2f61ba7f8e86051223925a745c') in 0.001832 seconds
  Import took 0.006961 seconds .

========================================================================
Received Prepare
Registering precompiled user dll's ...
Registered in 0.003771 seconds.
Begin MonoManager ReloadAssembly
Native extension for WindowsStandalone target not found
Refreshing native plugins compatible for Editor in 0.67 ms, found 3 plugins.
Preloading 0 native plugins for Editor in 0.00 ms.
Mono: successfully reloaded assembly
- Completed reload, in  0.966 seconds
Platform modules already initialized, skipping
Switching build target platform(19) subTarget(0) extendedPlatform(0) -> platform(13) subTarget(537395200) extendedPlatform(0)
Shader 'Universal Render Pipeline/Particles/Lit': fallback shader 'Universal Render Pipeline/Particles/SimpleLit' not found
Refreshing native plugins compatible for Editor in 0.70 ms, found 3 plugins.
Preloading 0 native plugins for Editor in 0.00 ms.
Unloading 3134 Unused Serialized files (Serialized files now loaded: 0)
System memory in use before: 133.5 MB.
System memory in use after: 133.6 MB.

Unloading 22 unused Assets to reduce memory usage. Loaded Objects now: 3753.
Total: 3.472900 ms (FindLiveObjects: 0.355800 ms CreateObjectMapping: 0.081000 ms MarkObjects: 2.865300 ms  DeleteObjects: 0.169100 ms)

AssetImportParameters requested are different than current active one (requested -> active):
  custom:graphics/normal-map-encoding: 01000000000000000000000000000000 -> 02000000000000000000000000000000
========================================================================
Received Import Request.
  Time since last request: 20.252715 seconds.
  path: Assets/Scripts/Skins.cs
  artifactKey: Guid(967dd3d2dd27ed740b9837cce0e3ba69) Importer(815301076,1909f56bfc062723c751e8b465ee728b)
Start importing Assets/Scripts/Skins.cs using Guid(967dd3d2dd27ed740b9837cce0e3ba69) Importer(815301076,1909f56bfc062723c751e8b465ee728b)  -> (artifact id: '57ca8f92cd3bb4c4982c027ccd6e3b9d') in 0.007341 seconds
  Import took 0.012663 seconds .

========================================================================
Received Prepare
Registering precompiled user dll's ...
Registered in 0.003844 seconds.
Begin MonoManager ReloadAssembly
Native extension for WindowsStandalone target not found
Refreshing native plugins compatible for Editor in 0.81 ms, found 3 plugins.
Preloading 0 native plugins for Editor in 0.00 ms.
Mono: successfully reloaded assembly
- Completed reload, in  0.985 seconds
Platform modules already initialized, skipping
Switching build target platform(19) subTarget(0) extendedPlatform(0) -> platform(13) subTarget(537395200) extendedPlatform(0)
Shader 'Universal Render Pipeline/Particles/Lit': fallback shader 'Universal Render Pipeline/Particles/SimpleLit' not found
Refreshing native plugins compatible for Editor in 0.68 ms, found 3 plugins.
Preloading 0 native plugins for Editor in 0.00 ms.
Unloading 3134 Unused Serialized files (Serialized files now loaded: 0)
System memory in use before: 133.5 MB.
System memory in use after: 133.6 MB.

Unloading 22 unused Assets to reduce memory usage. Loaded Objects now: 3757.
Total: 2.865100 ms (FindLiveObjects: 0.358000 ms CreateObjectMapping: 0.086200 ms MarkObjects: 2.258700 ms  DeleteObjects: 0.161100 ms)

AssetImportParameters requested are different than current active one (requested -> active):
  custom:graphics/normal-map-encoding: 01000000000000000000000000000000 -> 02000000000000000000000000000000
========================================================================
Received Import Request.
  Time since last request: 21.690360 seconds.
  path: Assets/Scripts/Skins.cs
  artifactKey: Guid(967dd3d2dd27ed740b9837cce0e3ba69) Importer(815301076,1909f56bfc062723c751e8b465ee728b)
Start importing Assets/Scripts/Skins.cs using Guid(967dd3d2dd27ed740b9837cce0e3ba69) Importer(815301076,1909f56bfc062723c751e8b465ee728b)  -> (artifact id: 'a08dd36621b49bd9b68d19c0946dcbd0') in 0.008131 seconds
  Import took 0.014060 seconds .

========================================================================
Received Import Request.
  Time since last request: 0.047197 seconds.
  path: Assets/Scripts/Skins.cs
  artifactKey: Guid(967dd3d2dd27ed740b9837cce0e3ba69) Importer(815301076,1909f56bfc062723c751e8b465ee728b)
Start importing Assets/Scripts/Skins.cs using Guid(967dd3d2dd27ed740b9837cce0e3ba69) Importer(815301076,1909f56bfc062723c751e8b465ee728b)  -> (artifact id: 'a08dd36621b49bd9b68d19c0946dcbd0') in 0.001905 seconds
  Import took 0.007708 seconds .

========================================================================
Received Prepare
Registering precompiled user dll's ...
Registered in 0.004120 seconds.
Begin MonoManager ReloadAssembly
Native extension for WindowsStandalone target not found
Refreshing native plugins compatible for Editor in 0.72 ms, found 3 plugins.
Preloading 0 native plugins for Editor in 0.00 ms.
Mono: successfully reloaded assembly
- Completed reload, in  0.972 seconds
Platform modules already initialized, skipping
Switching build target platform(19) subTarget(0) extendedPlatform(0) -> platform(13) subTarget(537395200) extendedPlatform(0)
Shader 'Universal Render Pipeline/Particles/Lit': fallback shader 'Universal Render Pipeline/Particles/SimpleLit' not found
Refreshing native plugins compatible for Editor in 0.68 ms, found 3 plugins.
Preloading 0 native plugins for Editor in 0.00 ms.
Unloading 3134 Unused Serialized files (Serialized files now loaded: 0)
System memory in use before: 133.6 MB.
System memory in use after: 133.7 MB.

Unloading 22 unused Assets to reduce memory usage. Loaded Objects now: 3761.
Total: 2.728600 ms (FindLiveObjects: 0.317000 ms CreateObjectMapping: 0.081700 ms MarkObjects: 2.200000 ms  DeleteObjects: 0.128900 ms)

AssetImportParameters requested are different than current active one (requested -> active):
  custom:graphics/normal-map-encoding: 01000000000000000000000000000000 -> 02000000000000000000000000000000
========================================================================
Received Import Request.
  Time since last request: 4.862924 seconds.
  path: Assets/Scripts/DisplayScore.cs
  artifactKey: Guid(0304c47c87bd6e04fba7f19bdf9f8274) Importer(815301076,1909f56bfc062723c751e8b465ee728b)
Start importing Assets/Scripts/DisplayScore.cs using Guid(0304c47c87bd6e04fba7f19bdf9f8274) Importer(815301076,1909f56bfc062723c751e8b465ee728b)  -> (artifact id: '6eb2c0f283be0688105a7393ad334a9d') in 0.010285 seconds
  Import took 0.015110 seconds .

========================================================================
Received Import Request.
  Time since last request: 33.380569 seconds.
  path: Assets/Scripts/EdgesSeparation.cs
  artifactKey: Guid(b2229ca906abc7249af367756ac8514c) Importer(815301076,1909f56bfc062723c751e8b465ee728b)
Start importing Assets/Scripts/EdgesSeparation.cs using Guid(b2229ca906abc7249af367756ac8514c) Importer(815301076,1909f56bfc062723c751e8b465ee728b)  -> (artifact id: '76b9ca423c8de435899662731e931849') in 0.006711 seconds
  Import took 0.012014 seconds .

========================================================================
Received Import Request.
  Time since last request: 0.052995 seconds.
  path: Assets/Scripts/EdgesSeparation.cs
  artifactKey: Guid(b2229ca906abc7249af367756ac8514c) Importer(815301076,1909f56bfc062723c751e8b465ee728b)
Start importing Assets/Scripts/EdgesSeparation.cs using Guid(b2229ca906abc7249af367756ac8514c) Importer(815301076,1909f56bfc062723c751e8b465ee728b)  -> (artifact id: '76b9ca423c8de435899662731e931849') in 0.002078 seconds
  Import took 0.007467 seconds .

========================================================================
Received Prepare
Registering precompiled user dll's ...
Registered in 0.004261 seconds.
Begin MonoManager ReloadAssembly
Native extension for WindowsStandalone target not found
Refreshing native plugins compatible for Editor in 0.65 ms, found 3 plugins.
Preloading 0 native plugins for Editor in 0.00 ms.
Mono: successfully reloaded assembly
- Completed reload, in  1.000 seconds
Platform modules already initialized, skipping
Switching build target platform(19) subTarget(0) extendedPlatform(0) -> platform(13) subTarget(537395200) extendedPlatform(0)
Shader 'Universal Render Pipeline/Particles/Lit': fallback shader 'Universal Render Pipeline/Particles/SimpleLit' not found
Refreshing native plugins compatible for Editor in 0.73 ms, found 3 plugins.
Preloading 0 native plugins for Editor in 0.00 ms.
Unloading 3134 Unused Serialized files (Serialized files now loaded: 0)
System memory in use before: 133.6 MB.
System memory in use after: 133.7 MB.

Unloading 22 unused Assets to reduce memory usage. Loaded Objects now: 3765.
Total: 2.655200 ms (FindLiveObjects: 0.310500 ms CreateObjectMapping: 0.077000 ms MarkObjects: 2.142200 ms  DeleteObjects: 0.124500 ms)

AssetImportParameters requested are different than current active one (requested -> active):
  custom:graphics/normal-map-encoding: 01000000000000000000000000000000 -> 02000000000000000000000000000000
========================================================================
Received Prepare
Registering precompiled user dll's ...
Registered in 0.003901 seconds.
Begin MonoManager ReloadAssembly
Native extension for WindowsStandalone target not found
Refreshing native plugins compatible for Editor in 0.71 ms, found 3 plugins.
Preloading 0 native plugins for Editor in 0.00 ms.
Mono: successfully reloaded assembly
- Completed reload, in  1.032 seconds
Platform modules already initialized, skipping
Switching build target platform(19) subTarget(0) extendedPlatform(0) -> platform(13) subTarget(537395200) extendedPlatform(0)
Shader 'Universal Render Pipeline/Particles/Lit': fallback shader 'Universal Render Pipeline/Particles/SimpleLit' not found
Refreshing native plugins compatible for Editor in 0.71 ms, found 3 plugins.
Preloading 0 native plugins for Editor in 0.00 ms.
Unloading 3134 Unused Serialized files (Serialized files now loaded: 0)
System memory in use before: 133.6 MB.
System memory in use after: 133.7 MB.

Unloading 22 unused Assets to reduce memory usage. Loaded Objects now: 3769.
Total: 2.719300 ms (FindLiveObjects: 0.336300 ms CreateObjectMapping: 0.077300 ms MarkObjects: 2.177900 ms  DeleteObjects: 0.126700 ms)

AssetImportParameters requested are different than current active one (requested -> active):
  custom:graphics/normal-map-encoding: 01000000000000000000000000000000 -> 02000000000000000000000000000000
========================================================================
Received Import Request.
  Time since last request: 64.910998 seconds.
  path: Assets/Scripts/LoadScenes.cs
  artifactKey: Guid(7580d388d274a714c92b853cd47317a9) Importer(815301076,1909f56bfc062723c751e8b465ee728b)
Start importing Assets/Scripts/LoadScenes.cs using Guid(7580d388d274a714c92b853cd47317a9) Importer(815301076,1909f56bfc062723c751e8b465ee728b)  -> (artifact id: '9a3b198a930ac2507ad2c35df4d5e700') in 0.008912 seconds
  Import took 0.013882 seconds .

========================================================================
Received Import Request.
  Time since last request: 0.048823 seconds.
  path: Assets/Scripts/LoadScenes.cs
  artifactKey: Guid(7580d388d274a714c92b853cd47317a9) Importer(815301076,1909f56bfc062723c751e8b465ee728b)
Start importing Assets/Scripts/LoadScenes.cs using Guid(7580d388d274a714c92b853cd47317a9) Importer(815301076,1909f56bfc062723c751e8b465ee728b)  -> (artifact id: '9a3b198a930ac2507ad2c35df4d5e700') in 0.002338 seconds
  Import took 0.007732 seconds .

========================================================================
Received Prepare
Registering precompiled user dll's ...
Registered in 0.003709 seconds.
Begin MonoManager ReloadAssembly
Native extension for WindowsStandalone target not found
Refreshing native plugins compatible for Editor in 0.67 ms, found 3 plugins.
Preloading 0 native plugins for Editor in 0.00 ms.
Mono: successfully reloaded assembly
- Completed reload, in  0.977 seconds
Platform modules already initialized, skipping
Switching build target platform(19) subTarget(0) extendedPlatform(0) -> platform(13) subTarget(537395200) extendedPlatform(0)
Shader 'Universal Render Pipeline/Particles/Lit': fallback shader 'Universal Render Pipeline/Particles/SimpleLit' not found
Refreshing native plugins compatible for Editor in 1.06 ms, found 3 plugins.
Preloading 0 native plugins for Editor in 0.00 ms.
Unloading 3134 Unused Serialized files (Serialized files now loaded: 0)
System memory in use before: 133.6 MB.
System memory in use after: 133.7 MB.

Unloading 22 unused Assets to reduce memory usage. Loaded Objects now: 3773.
Total: 2.727700 ms (FindLiveObjects: 0.301200 ms CreateObjectMapping: 0.091400 ms MarkObjects: 2.157400 ms  DeleteObjects: 0.176400 ms)

AssetImportParameters requested are different than current active one (requested -> active):
  custom:graphics/normal-map-encoding: 01000000000000000000000000000000 -> 02000000000000000000000000000000
========================================================================
Received Import Request.
  Time since last request: 27.621333 seconds.
  path: Assets/Scripts/Music.cs
  artifactKey: Guid(1854b5508d6bc4d4fbff70ee4ed96982) Importer(815301076,1909f56bfc062723c751e8b465ee728b)
Start importing Assets/Scripts/Music.cs using Guid(1854b5508d6bc4d4fbff70ee4ed96982) Importer(815301076,1909f56bfc062723c751e8b465ee728b)  -> (artifact id: 'a7d70369d15f4bdc9f81a63ec66e4f12') in 0.013410 seconds
  Import took 0.018931 seconds .

========================================================================
Received Prepare
Registering precompiled user dll's ...
Registered in 0.004013 seconds.
Begin MonoManager ReloadAssembly
Native extension for WindowsStandalone target not found
Refreshing native plugins compatible for Editor in 0.67 ms, found 3 plugins.
Preloading 0 native plugins for Editor in 0.00 ms.
Mono: successfully reloaded assembly
- Completed reload, in  1.039 seconds
Platform modules already initialized, skipping
Switching build target platform(19) subTarget(0) extendedPlatform(0) -> platform(13) subTarget(537395200) extendedPlatform(0)
Shader 'Universal Render Pipeline/Particles/Lit': fallback shader 'Universal Render Pipeline/Particles/SimpleLit' not found
Refreshing native plugins compatible for Editor in 0.67 ms, found 3 plugins.
Preloading 0 native plugins for Editor in 0.00 ms.
Unloading 3134 Unused Serialized files (Serialized files now loaded: 0)
System memory in use before: 133.6 MB.
System memory in use after: 133.7 MB.

Unloading 22 unused Assets to reduce memory usage. Loaded Objects now: 3777.
Total: 2.685900 ms (FindLiveObjects: 0.304100 ms CreateObjectMapping: 0.076900 ms MarkObjects: 2.173300 ms  DeleteObjects: 0.130300 ms)

AssetImportParameters requested are different than current active one (requested -> active):
  custom:graphics/normal-map-encoding: 01000000000000000000000000000000 -> 02000000000000000000000000000000
========================================================================
Received Import Request.
  Time since last request: 10.310023 seconds.
  path: Assets/Scripts/Obstacles.cs
  artifactKey: Guid(93a7692043077684da74387a71856c2e) Importer(815301076,1909f56bfc062723c751e8b465ee728b)
Start importing Assets/Scripts/Obstacles.cs using Guid(93a7692043077684da74387a71856c2e) Importer(815301076,1909f56bfc062723c751e8b465ee728b)  -> (artifact id: 'c24afe27f779faab22795fb5b8ac37c4') in 0.010886 seconds
  Import took 0.016707 seconds .

========================================================================
Received Prepare
Registering precompiled user dll's ...
Registered in 0.005306 seconds.
Begin MonoManager ReloadAssembly
Native extension for WindowsStandalone target not found
Refreshing native plugins compatible for Editor in 0.74 ms, found 3 plugins.
Preloading 0 native plugins for Editor in 0.00 ms.
Mono: successfully reloaded assembly
- Completed reload, in  1.038 seconds
Platform modules already initialized, skipping
Switching build target platform(19) subTarget(0) extendedPlatform(0) -> platform(13) subTarget(537395200) extendedPlatform(0)
Shader 'Universal Render Pipeline/Particles/Lit': fallback shader 'Universal Render Pipeline/Particles/SimpleLit' not found
Refreshing native plugins compatible for Editor in 0.66 ms, found 3 plugins.
Preloading 0 native plugins for Editor in 0.00 ms.
Unloading 3134 Unused Serialized files (Serialized files now loaded: 0)
System memory in use before: 133.6 MB.
System memory in use after: 133.7 MB.

Unloading 22 unused Assets to reduce memory usage. Loaded Objects now: 3781.
Total: 2.693700 ms (FindLiveObjects: 0.314900 ms CreateObjectMapping: 0.077800 ms MarkObjects: 2.172900 ms  DeleteObjects: 0.127200 ms)

AssetImportParameters requested are different than current active one (requested -> active):
  custom:graphics/normal-map-encoding: 01000000000000000000000000000000 -> 02000000000000000000000000000000
========================================================================
Received Import Request.
  Time since last request: 278.792966 seconds.
  path: Assets/Scripts/Obstacles.cs
  artifactKey: Guid(93a7692043077684da74387a71856c2e) Importer(815301076,1909f56bfc062723c751e8b465ee728b)
Start importing Assets/Scripts/Obstacles.cs using Guid(93a7692043077684da74387a71856c2e) Importer(815301076,1909f56bfc062723c751e8b465ee728b)  -> (artifact id: 'a4357be31cc3b3c2c4fc086cc46a7901') in 0.005453 seconds
  Import took 0.009719 seconds .

========================================================================
Received Import Request.
  Time since last request: 178.142573 seconds.
  path: Assets/Scripts/Player.cs
  artifactKey: Guid(72fe972c277d4f54082bc4cfbd08a787) Importer(815301076,1909f56bfc062723c751e8b465ee728b)
Start importing Assets/Scripts/Player.cs using Guid(72fe972c277d4f54082bc4cfbd08a787) Importer(815301076,1909f56bfc062723c751e8b465ee728b)  -> (artifact id: 'cc4ff2a1ede8ae0a9d1b3b39d005b91b') in 0.005730 seconds
  Import took 0.010644 seconds .

========================================================================
Received Import Request.
  Time since last request: 0.000302 seconds.
  path: Assets/Scripts/Player.cs
  artifactKey: Guid(72fe972c277d4f54082bc4cfbd08a787) Importer(815301076,1909f56bfc062723c751e8b465ee728b)
Start importing Assets/Scripts/Player.cs using Guid(72fe972c277d4f54082bc4cfbd08a787) Importer(815301076,1909f56bfc062723c751e8b465ee728b)  -> (artifact id: 'cc4ff2a1ede8ae0a9d1b3b39d005b91b') in 0.001777 seconds
  Import took 0.006141 seconds .

========================================================================
Received Prepare
Registering precompiled user dll's ...
Registered in 0.003800 seconds.
Begin MonoManager ReloadAssembly
Native extension for WindowsStandalone target not found
Refreshing native plugins compatible for Editor in 0.78 ms, found 3 plugins.
Preloading 0 native plugins for Editor in 0.00 ms.
Mono: successfully reloaded assembly
- Completed reload, in  0.996 seconds
Platform modules already initialized, skipping
Switching build target platform(19) subTarget(0) extendedPlatform(0) -> platform(13) subTarget(537395200) extendedPlatform(0)
Shader 'Universal Render Pipeline/Particles/Lit': fallback shader 'Universal Render Pipeline/Particles/SimpleLit' not found
Refreshing native plugins compatible for Editor in 0.75 ms, found 3 plugins.
Preloading 0 native plugins for Editor in 0.00 ms.
Unloading 3134 Unused Serialized files (Serialized files now loaded: 0)
System memory in use before: 133.6 MB.
System memory in use after: 133.7 MB.

Unloading 22 unused Assets to reduce memory usage. Loaded Objects now: 3785.
Total: 3.553500 ms (FindLiveObjects: 0.318900 ms CreateObjectMapping: 0.170500 ms MarkObjects: 2.934800 ms  DeleteObjects: 0.128000 ms)

AssetImportParameters requested are different than current active one (requested -> active):
  custom:graphics/normal-map-encoding: 01000000000000000000000000000000 -> 02000000000000000000000000000000
========================================================================
Received Import Request.
  Time since last request: 63.064431 seconds.
  path: Assets/Scripts/PlaySound.cs
  artifactKey: Guid(126a967e4ebc9a84f8f1bc85e6024100) Importer(815301076,1909f56bfc062723c751e8b465ee728b)
Start importing Assets/Scripts/PlaySound.cs using Guid(126a967e4ebc9a84f8f1bc85e6024100) Importer(815301076,1909f56bfc062723c751e8b465ee728b)  -> (artifact id: '89e733cc0cdbdbcf6626eeea491b1641') in 0.009663 seconds
  Import took 0.014922 seconds .

========================================================================
Received Prepare
Registering precompiled user dll's ...
Registered in 0.006115 seconds.
Begin MonoManager ReloadAssembly
Native extension for WindowsStandalone target not found
Refreshing native plugins compatible for Editor in 0.68 ms, found 3 plugins.
Preloading 0 native plugins for Editor in 0.00 ms.
Mono: successfully reloaded assembly
- Completed reload, in  1.008 seconds
Platform modules already initialized, skipping
Switching build target platform(19) subTarget(0) extendedPlatform(0) -> platform(13) subTarget(537395200) extendedPlatform(0)
Shader 'Universal Render Pipeline/Particles/Lit': fallback shader 'Universal Render Pipeline/Particles/SimpleLit' not found
Refreshing native plugins compatible for Editor in 0.67 ms, found 3 plugins.
Preloading 0 native plugins for Editor in 0.00 ms.
Unloading 3134 Unused Serialized files (Serialized files now loaded: 0)
System memory in use before: 133.6 MB.
System memory in use after: 133.7 MB.

Unloading 22 unused Assets to reduce memory usage. Loaded Objects now: 3789.
Total: 2.664500 ms (FindLiveObjects: 0.320100 ms CreateObjectMapping: 0.093100 ms MarkObjects: 2.130700 ms  DeleteObjects: 0.119500 ms)

AssetImportParameters requested are different than current active one (requested -> active):
  custom:graphics/normal-map-encoding: 01000000000000000000000000000000 -> 02000000000000000000000000000000
========================================================================
Received Import Request.
  Time since last request: 6.146342 seconds.
  path: Assets/Scripts/Quit.cs
  artifactKey: Guid(31165f8b165b0d941b0dbbf589b9a0ae) Importer(815301076,1909f56bfc062723c751e8b465ee728b)
Start importing Assets/Scripts/Quit.cs using Guid(31165f8b165b0d941b0dbbf589b9a0ae) Importer(815301076,1909f56bfc062723c751e8b465ee728b)  -> (artifact id: 'd2086b7a5d3218b38e7d814c304e4def') in 0.008916 seconds
  Import took 0.013305 seconds .

========================================================================
Received Import Request.
  Time since last request: 24.113769 seconds.
  path: Assets/Scripts/Quit.cs
  artifactKey: Guid(31165f8b165b0d941b0dbbf589b9a0ae) Importer(815301076,1909f56bfc062723c751e8b465ee728b)
Start importing Assets/Scripts/Quit.cs using Guid(31165f8b165b0d941b0dbbf589b9a0ae) Importer(815301076,1909f56bfc062723c751e8b465ee728b)  -> (artifact id: 'be6c076b6551c091081e40d8312656ff') in 0.002288 seconds
  Import took 0.007488 seconds .

========================================================================
Received Prepare
Registering precompiled user dll's ...
Registered in 0.003860 seconds.
Begin MonoManager ReloadAssembly
Native extension for WindowsStandalone target not found
Refreshing native plugins compatible for Editor in 0.68 ms, found 3 plugins.
Preloading 0 native plugins for Editor in 0.00 ms.
Mono: successfully reloaded assembly
- Completed reload, in  1.015 seconds
Platform modules already initialized, skipping
Switching build target platform(19) subTarget(0) extendedPlatform(0) -> platform(13) subTarget(537395200) extendedPlatform(0)
Shader 'Universal Render Pipeline/Particles/Lit': fallback shader 'Universal Render Pipeline/Particles/SimpleLit' not found
Refreshing native plugins compatible for Editor in 0.80 ms, found 3 plugins.
Preloading 0 native plugins for Editor in 0.00 ms.
Unloading 3134 Unused Serialized files (Serialized files now loaded: 0)
System memory in use before: 133.6 MB.
System memory in use after: 133.7 MB.

Unloading 22 unused Assets to reduce memory usage. Loaded Objects now: 3793.
Total: 2.905800 ms (FindLiveObjects: 0.326700 ms CreateObjectMapping: 0.079300 ms MarkObjects: 2.343500 ms  DeleteObjects: 0.155000 ms)

AssetImportParameters requested are different than current active one (requested -> active):
  custom:graphics/normal-map-encoding: 01000000000000000000000000000000 -> 02000000000000000000000000000000
========================================================================
Received Import Request.
  Time since last request: 333.805503 seconds.
  path: Assets/Scripts/SceneTransition.cs
  artifactKey: Guid(e01094a00e37c02469d5c14f188e10bc) Importer(815301076,1909f56bfc062723c751e8b465ee728b)
Start importing Assets/Scripts/SceneTransition.cs using Guid(e01094a00e37c02469d5c14f188e10bc) Importer(815301076,1909f56bfc062723c751e8b465ee728b)  -> (artifact id: 'e344ff74b5362d5b1bc68bc2b38521f2') in 0.010684 seconds
  Import took 0.015618 seconds .

========================================================================
Received Prepare
Registering precompiled user dll's ...
Registered in 0.003881 seconds.
Begin MonoManager ReloadAssembly
Native extension for WindowsStandalone target not found
Refreshing native plugins compatible for Editor in 0.69 ms, found 3 plugins.
Preloading 0 native plugins for Editor in 0.00 ms.
Mono: successfully reloaded assembly
- Completed reload, in  1.051 seconds
Platform modules already initialized, skipping
Switching build target platform(19) subTarget(0) extendedPlatform(0) -> platform(13) subTarget(537395200) extendedPlatform(0)
Shader 'Universal Render Pipeline/Particles/Lit': fallback shader 'Universal Render Pipeline/Particles/SimpleLit' not found
Refreshing native plugins compatible for Editor in 0.68 ms, found 3 plugins.
Preloading 0 native plugins for Editor in 0.00 ms.
Unloading 3134 Unused Serialized files (Serialized files now loaded: 0)
System memory in use before: 133.6 MB.
System memory in use after: 133.7 MB.

Unloading 22 unused Assets to reduce memory usage. Loaded Objects now: 3797.
Total: 2.715400 ms (FindLiveObjects: 0.347300 ms CreateObjectMapping: 0.078100 ms MarkObjects: 2.149400 ms  DeleteObjects: 0.139500 ms)

AssetImportParameters requested are different than current active one (requested -> active):
  custom:graphics/normal-map-encoding: 01000000000000000000000000000000 -> 02000000000000000000000000000000
========================================================================
Received Import Request.
  Time since last request: 92.000073 seconds.
  path: Assets/Scripts/Score.cs
  artifactKey: Guid(7d60f9e961ae0614ab62649d09882fc6) Importer(815301076,1909f56bfc062723c751e8b465ee728b)
Start importing Assets/Scripts/Score.cs using Guid(7d60f9e961ae0614ab62649d09882fc6) Importer(815301076,1909f56bfc062723c751e8b465ee728b)  -> (artifact id: '72de8f295041df7af08a13d1cf7c3656') in 0.011281 seconds
  Import took 0.016356 seconds .

========================================================================
Received Prepare
Registering precompiled user dll's ...
Registered in 0.004730 seconds.
Begin MonoManager ReloadAssembly
Native extension for WindowsStandalone target not found
Refreshing native plugins compatible for Editor in 0.66 ms, found 3 plugins.
Preloading 0 native plugins for Editor in 0.00 ms.
Mono: successfully reloaded assembly
- Completed reload, in  1.020 seconds
Platform modules already initialized, skipping
Switching build target platform(19) subTarget(0) extendedPlatform(0) -> platform(13) subTarget(537395200) extendedPlatform(0)
Shader 'Universal Render Pipeline/Particles/Lit': fallback shader 'Universal Render Pipeline/Particles/SimpleLit' not found
Refreshing native plugins compatible for Editor in 0.97 ms, found 3 plugins.
Preloading 0 native plugins for Editor in 0.00 ms.
Unloading 3134 Unused Serialized files (Serialized files now loaded: 0)
System memory in use before: 133.6 MB.
System memory in use after: 133.7 MB.

Unloading 22 unused Assets to reduce memory usage. Loaded Objects now: 3801.
Total: 3.278300 ms (FindLiveObjects: 0.324200 ms CreateObjectMapping: 0.198400 ms MarkObjects: 2.631400 ms  DeleteObjects: 0.122900 ms)

AssetImportParameters requested are different than current active one (requested -> active):
  custom:graphics/normal-map-encoding: 01000000000000000000000000000000 -> 02000000000000000000000000000000
========================================================================
Received Import Request.
  Time since last request: 107.494531 seconds.
  path: Assets/Scripts/Score.cs
  artifactKey: Guid(7d60f9e961ae0614ab62649d09882fc6) Importer(815301076,1909f56bfc062723c751e8b465ee728b)
Start importing Assets/Scripts/Score.cs using Guid(7d60f9e961ae0614ab62649d09882fc6) Importer(815301076,1909f56bfc062723c751e8b465ee728b)  -> (artifact id: 'c6d7bbe22468a2fd7d6b9244ce787bfd') in 0.005301 seconds
  Import took 0.009808 seconds .

========================================================================
Received Import Request.
  Time since last request: 67.310535 seconds.
  path: Assets/Scripts/Secret.cs
  artifactKey: Guid(53cb8e839cf120e49988927db9a764fc) Importer(815301076,1909f56bfc062723c751e8b465ee728b)
Start importing Assets/Scripts/Secret.cs using Guid(53cb8e839cf120e49988927db9a764fc) Importer(815301076,1909f56bfc062723c751e8b465ee728b)  -> (artifact id: '4e78d4fa2406edc0a8597998eedfcc43') in 0.005644 seconds
  Import took 0.010736 seconds .

========================================================================
Received Import Request.
  Time since last request: 0.007107 seconds.
  path: Assets/Scripts/Secret.cs
  artifactKey: Guid(53cb8e839cf120e49988927db9a764fc) Importer(815301076,1909f56bfc062723c751e8b465ee728b)
Start importing Assets/Scripts/Secret.cs using Guid(53cb8e839cf120e49988927db9a764fc) Importer(815301076,1909f56bfc062723c751e8b465ee728b)  -> (artifact id: '4e78d4fa2406edc0a8597998eedfcc43') in 0.001823 seconds
  Import took 0.006063 seconds .

========================================================================
Received Prepare
Registering precompiled user dll's ...
Registered in 0.003781 seconds.
Begin MonoManager ReloadAssembly
Native extension for WindowsStandalone target not found
Refreshing native plugins compatible for Editor in 0.67 ms, found 3 plugins.
Preloading 0 native plugins for Editor in 0.00 ms.
Mono: successfully reloaded assembly
- Completed reload, in  1.014 seconds
Platform modules already initialized, skipping
Switching build target platform(19) subTarget(0) extendedPlatform(0) -> platform(13) subTarget(537395200) extendedPlatform(0)
Shader 'Universal Render Pipeline/Particles/Lit': fallback shader 'Universal Render Pipeline/Particles/SimpleLit' not found
Refreshing native plugins compatible for Editor in 0.76 ms, found 3 plugins.
Preloading 0 native plugins for Editor in 0.00 ms.
Unloading 3134 Unused Serialized files (Serialized files now loaded: 0)
System memory in use before: 133.7 MB.
System memory in use after: 133.8 MB.

Unloading 22 unused Assets to reduce memory usage. Loaded Objects now: 3805.
Total: 2.997300 ms (FindLiveObjects: 0.488600 ms CreateObjectMapping: 0.077700 ms MarkObjects: 2.304200 ms  DeleteObjects: 0.125800 ms)

AssetImportParameters requested are different than current active one (requested -> active):
  custom:graphics/normal-map-encoding: 01000000000000000000000000000000 -> 02000000000000000000000000000000
========================================================================
Received Import Request.
  Time since last request: 8.920720 seconds.
  path: Assets/Scripts/Settings.cs
  artifactKey: Guid(c38e89a4ebd64d743bb5c905064c34ec) Importer(815301076,1909f56bfc062723c751e8b465ee728b)
Start importing Assets/Scripts/Settings.cs using Guid(c38e89a4ebd64d743bb5c905064c34ec) Importer(815301076,1909f56bfc062723c751e8b465ee728b)  -> (artifact id: 'e03aafd47cf86d8703c31e668ebd5bd5') in 0.010688 seconds
  Import took 0.015395 seconds .

========================================================================
Received Import Request.
  Time since last request: 81.252981 seconds.
  path: Assets/Scripts/Settings.cs
  artifactKey: Guid(c38e89a4ebd64d743bb5c905064c34ec) Importer(815301076,1909f56bfc062723c751e8b465ee728b)
Start importing Assets/Scripts/Settings.cs using Guid(c38e89a4ebd64d743bb5c905064c34ec) Importer(815301076,1909f56bfc062723c751e8b465ee728b)  -> (artifact id: '5b22706159e4955c05402361f06ad20a') in 0.002412 seconds
  Import took 0.008472 seconds .

========================================================================
Received Import Request.
  Time since last request: 0.000474 seconds.
  path: Assets/Scripts/Settings.cs
  artifactKey: Guid(c38e89a4ebd64d743bb5c905064c34ec) Importer(815301076,1909f56bfc062723c751e8b465ee728b)
Start importing Assets/Scripts/Settings.cs using Guid(c38e89a4ebd64d743bb5c905064c34ec) Importer(815301076,1909f56bfc062723c751e8b465ee728b)  -> (artifact id: '5b22706159e4955c05402361f06ad20a') in 0.002157 seconds
  Import took 0.006894 seconds .

========================================================================
Received Prepare
Registering precompiled user dll's ...
Registered in 0.003799 seconds.
Begin MonoManager ReloadAssembly
Native extension for WindowsStandalone target not found
Refreshing native plugins compatible for Editor in 0.66 ms, found 3 plugins.
Preloading 0 native plugins for Editor in 0.00 ms.
Mono: successfully reloaded assembly
- Completed reload, in  1.040 seconds
Platform modules already initialized, skipping
Switching build target platform(19) subTarget(0) extendedPlatform(0) -> platform(13) subTarget(537395200) extendedPlatform(0)
Shader 'Universal Render Pipeline/Particles/Lit': fallback shader 'Universal Render Pipeline/Particles/SimpleLit' not found
Refreshing native plugins compatible for Editor in 0.73 ms, found 3 plugins.
Preloading 0 native plugins for Editor in 0.00 ms.
Unloading 3134 Unused Serialized files (Serialized files now loaded: 0)
System memory in use before: 133.7 MB.
System memory in use after: 133.8 MB.

Unloading 22 unused Assets to reduce memory usage. Loaded Objects now: 3809.
Total: 2.883200 ms (FindLiveObjects: 0.372900 ms CreateObjectMapping: 0.093700 ms MarkObjects: 2.294000 ms  DeleteObjects: 0.121200 ms)

AssetImportParameters requested are different than current active one (requested -> active):
  custom:graphics/normal-map-encoding: 01000000000000000000000000000000 -> 02000000000000000000000000000000
========================================================================
Received Import Request.
  Time since last request: 27.702178 seconds.
  path: Assets/Scripts/Sounds.cs
  artifactKey: Guid(675a97da6c95434439a6579994fcd07b) Importer(815301076,1909f56bfc062723c751e8b465ee728b)
Start importing Assets/Scripts/Sounds.cs using Guid(675a97da6c95434439a6579994fcd07b) Importer(815301076,1909f56bfc062723c751e8b465ee728b)  -> (artifact id: 'b905668e49806211293a530debcf0c4c') in 0.010777 seconds
  Import took 0.015774 seconds .

========================================================================
Received Import Request.
  Time since last request: 0.000211 seconds.
  path: Assets/Scripts/Settings.cs
  artifactKey: Guid(c38e89a4ebd64d743bb5c905064c34ec) Importer(815301076,1909f56bfc062723c751e8b465ee728b)
Start importing Assets/Scripts/Settings.cs using Guid(c38e89a4ebd64d743bb5c905064c34ec) Importer(815301076,1909f56bfc062723c751e8b465ee728b)  -> (artifact id: '8d486827a4d354efb5b55331a6199ebd') in 0.001912 seconds
  Import took 0.005938 seconds .

========================================================================
Received Import Request.
  Time since last request: 11.370780 seconds.
  path: Assets/Scripts/VFX.cs
  artifactKey: Guid(aeb6b95bbe40fb24988eec40397640cf) Importer(815301076,1909f56bfc062723c751e8b465ee728b)
Start importing Assets/Scripts/VFX.cs using Guid(aeb6b95bbe40fb24988eec40397640cf) Importer(815301076,1909f56bfc062723c751e8b465ee728b)  -> (artifact id: '88a39c10dda29ff490e9bd98dfb3c17b') in 0.006742 seconds
  Import took 0.011628 seconds .

========================================================================
Received Import Request.
  Time since last request: 30.505937 seconds.
  path: Assets/Scripts/VFX.cs
  artifactKey: Guid(aeb6b95bbe40fb24988eec40397640cf) Importer(815301076,1909f56bfc062723c751e8b465ee728b)
Start importing Assets/Scripts/VFX.cs using Guid(aeb6b95bbe40fb24988eec40397640cf) Importer(815301076,1909f56bfc062723c751e8b465ee728b)  -> (artifact id: '3349aab25f29441280bad477e4c5c071') in 0.001872 seconds
  Import took 0.006668 seconds .

========================================================================
Received Import Request.
  Time since last request: 0.008509 seconds.
  path: Assets/Scripts/VFX.cs
  artifactKey: Guid(aeb6b95bbe40fb24988eec40397640cf) Importer(815301076,1909f56bfc062723c751e8b465ee728b)
Start importing Assets/Scripts/VFX.cs using Guid(aeb6b95bbe40fb24988eec40397640cf) Importer(815301076,1909f56bfc062723c751e8b465ee728b)  -> (artifact id: '3349aab25f29441280bad477e4c5c071') in 0.001838 seconds
  Import took 0.006780 seconds .

========================================================================
Received Prepare
Registering precompiled user dll's ...
Registered in 0.003791 seconds.
Begin MonoManager ReloadAssembly
Native extension for WindowsStandalone target not found
Refreshing native plugins compatible for Editor in 0.65 ms, found 3 plugins.
Preloading 0 native plugins for Editor in 0.00 ms.
Mono: successfully reloaded assembly
- Completed reload, in  1.027 seconds
Platform modules already initialized, skipping
Switching build target platform(19) subTarget(0) extendedPlatform(0) -> platform(13) subTarget(537395200) extendedPlatform(0)
Shader 'Universal Render Pipeline/Particles/Lit': fallback shader 'Universal Render Pipeline/Particles/SimpleLit' not found
Refreshing native plugins compatible for Editor in 0.66 ms, found 3 plugins.
Preloading 0 native plugins for Editor in 0.00 ms.
Unloading 3134 Unused Serialized files (Serialized files now loaded: 0)
System memory in use before: 133.7 MB.
System memory in use after: 133.8 MB.

Unloading 22 unused Assets to reduce memory usage. Loaded Objects now: 3813.
Total: 2.623300 ms (FindLiveObjects: 0.310000 ms CreateObjectMapping: 0.077600 ms MarkObjects: 2.113300 ms  DeleteObjects: 0.121500 ms)

AssetImportParameters requested are different than current active one (requested -> active):
  custom:graphics/normal-map-encoding: 01000000000000000000000000000000 -> 02000000000000000000000000000000
========================================================================
Received Import Request.
  Time since last request: 94.478471 seconds.
  path: Assets/Sprites/button_border.png
  artifactKey: Guid(455560228fb8b6542811bf4fcadbe2da) Importer(815301076,1909f56bfc062723c751e8b465ee728b)
Start importing Assets/Sprites/button_border.png using Guid(455560228fb8b6542811bf4fcadbe2da) Importer(815301076,1909f56bfc062723c751e8b465ee728b)  -> (artifact id: 'b9c3b68c628e0e53a68804d7e6f9cd4b') in 0.096165 seconds
  Import took 0.100964 seconds .

========================================================================
Received Import Request.
  Time since last request: 8.821940 seconds.
  path: Assets/Sprites/button.png
  artifactKey: Guid(b18c00cfc18f1004399306c5238b90e3) Importer(815301076,1909f56bfc062723c751e8b465ee728b)
Start importing Assets/Sprites/button.png using Guid(b18c00cfc18f1004399306c5238b90e3) Importer(815301076,1909f56bfc062723c751e8b465ee728b)  -> (artifact id: 'a864c244a39511d42fb8243928938029') in 0.010711 seconds
  Import took 0.015594 seconds .

========================================================================
Received Import Request.
  Time since last request: 11.856438 seconds.
  path: Assets/Sprites/button.png
  artifactKey: Guid(b18c00cfc18f1004399306c5238b90e3) Importer(815301076,1909f56bfc062723c751e8b465ee728b)
Start importing Assets/Sprites/button.png using Guid(b18c00cfc18f1004399306c5238b90e3) Importer(815301076,1909f56bfc062723c751e8b465ee728b)  -> (artifact id: 'd7243466491c193dec3ce4864c9def88') in 0.006691 seconds
  Import took 0.011890 seconds .

========================================================================
Received Import Request.
  Time since last request: 13.435408 seconds.
  path: Assets/Sprites/button.png
  artifactKey: Guid(b18c00cfc18f1004399306c5238b90e3) Importer(815301076,1909f56bfc062723c751e8b465ee728b)
Start importing Assets/Sprites/button.png using Guid(b18c00cfc18f1004399306c5238b90e3) Importer(815301076,1909f56bfc062723c751e8b465ee728b)  -> (artifact id: 'dc2f97a1f6e1c494a4d7a5bdc5d22355') in 0.006273 seconds
  Import took 0.011665 seconds .

========================================================================
Received Import Request.
  Time since last request: 0.009437 seconds.
  path: Assets/Sprites/button.png
  artifactKey: Guid(b18c00cfc18f1004399306c5238b90e3) Importer(815301076,1909f56bfc062723c751e8b465ee728b)
Start importing Assets/Sprites/button.png using Guid(b18c00cfc18f1004399306c5238b90e3) Importer(815301076,1909f56bfc062723c751e8b465ee728b)  -> (artifact id: 'dc2f97a1f6e1c494a4d7a5bdc5d22355') in 0.011149 seconds
  Import took 0.015823 seconds .

========================================================================
Received Import Request.
  Time since last request: 11.281184 seconds.
  path: Assets/Sprites/arrow.png
  artifactKey: Guid(914bdbe91ae56be448b341b3d8ffae67) Importer(815301076,1909f56bfc062723c751e8b465ee728b)
Start importing Assets/Sprites/arrow.png using Guid(914bdbe91ae56be448b341b3d8ffae67) Importer(815301076,1909f56bfc062723c751e8b465ee728b)  -> (artifact id: '6b18df87d426170f68be7732a085b988') in 0.013900 seconds
  Import took 0.019074 seconds .

========================================================================
Received Import Request.
  Time since last request: 8.598710 seconds.
  path: Assets/Sprites/button_border.png
  artifactKey: Guid(455560228fb8b6542811bf4fcadbe2da) Importer(815301076,1909f56bfc062723c751e8b465ee728b)
Start importing Assets/Sprites/button_border.png using Guid(455560228fb8b6542811bf4fcadbe2da) Importer(815301076,1909f56bfc062723c751e8b465ee728b)  -> (artifact id: 'e83d9684ebab2501a089927858c35c16') in 0.011483 seconds
  Import took 0.016132 seconds .

========================================================================
Received Import Request.
  Time since last request: 0.005514 seconds.
  path: Assets/Sprites/button_border.png
  artifactKey: Guid(455560228fb8b6542811bf4fcadbe2da) Importer(815301076,1909f56bfc062723c751e8b465ee728b)
Start importing Assets/Sprites/button_border.png using Guid(455560228fb8b6542811bf4fcadbe2da) Importer(815301076,1909f56bfc062723c751e8b465ee728b)  -> (artifact id: 'e83d9684ebab2501a089927858c35c16') in 0.012557 seconds
  Import took 0.017709 seconds .

========================================================================
Received Import Request.
  Time since last request: 6.544099 seconds.
  path: Assets/Sprites/circle 1.png
  artifactKey: Guid(1332b8c910786fe47886a75d143e1257) Importer(815301076,1909f56bfc062723c751e8b465ee728b)
Start importing Assets/Sprites/circle 1.png using Guid(1332b8c910786fe47886a75d143e1257) Importer(815301076,1909f56bfc062723c751e8b465ee728b)  -> (artifact id: '3e707cfb286959e43d267960a499027a') in 0.035876 seconds
  Import took 0.040990 seconds .

========================================================================
Received Import Request.
  Time since last request: 16.960567 seconds.
  path: Assets/Sprites/circle 2.png
  artifactKey: Guid(e594bfadf9703a74fac58438ca248499) Importer(815301076,1909f56bfc062723c751e8b465ee728b)
Start importing Assets/Sprites/circle 2.png using Guid(e594bfadf9703a74fac58438ca248499) Importer(815301076,1909f56bfc062723c751e8b465ee728b)  -> (artifact id: '8668c869fadddeda2b2f5cd04884c961') in 0.022246 seconds
  Import took 0.027872 seconds .

========================================================================
Received Import Request.
  Time since last request: 5.690053 seconds.
  path: Assets/Sprites/circle 3.png
  artifactKey: Guid(228d8316db4bab943af1b61ea0ed79c9) Importer(815301076,1909f56bfc062723c751e8b465ee728b)
Start importing Assets/Sprites/circle 3.png using Guid(228d8316db4bab943af1b61ea0ed79c9) Importer(815301076,1909f56bfc062723c751e8b465ee728b)  -> (artifact id: 'd8b0ead2a867ad15d920653f81037621') in 0.021671 seconds
  Import took 0.026549 seconds .

========================================================================
Received Import Request.
  Time since last request: 7.496336 seconds.
  path: Assets/Sprites/circle 4.png
  artifactKey: Guid(8641f525c5300e74c892fae29f90e63c) Importer(815301076,1909f56bfc062723c751e8b465ee728b)
Start importing Assets/Sprites/circle 4.png using Guid(8641f525c5300e74c892fae29f90e63c) Importer(815301076,1909f56bfc062723c751e8b465ee728b)  -> (artifact id: '6c03b4abc2d7b79aa1b17dbcc4d899ce') in 0.020063 seconds
  Import took 0.025352 seconds .

========================================================================
Received Import Request.
  Time since last request: 0.749988 seconds.
  path: Assets/Sprites/Idle.anim
  artifactKey: Guid(9c8c3ec19c1f9604da129dc1e433ca15) Importer(815301076,1909f56bfc062723c751e8b465ee728b)
Start importing Assets/Sprites/Idle.anim using Guid(9c8c3ec19c1f9604da129dc1e433ca15) Importer(815301076,1909f56bfc062723c751e8b465ee728b)  -> (artifact id: 'a3bb9df0334f0cde9a4e4d3dcea77b35') in 0.008804 seconds
  Import took 0.013351 seconds .

========================================================================
Received Import Request.
  Time since last request: 6.819207 seconds.
  path: Assets/Sprites/square 1.png
  artifactKey: Guid(6ed53dc893f5f6742be081f68166be8b) Importer(815301076,1909f56bfc062723c751e8b465ee728b)
Start importing Assets/Sprites/square 1.png using Guid(6ed53dc893f5f6742be081f68166be8b) Importer(815301076,1909f56bfc062723c751e8b465ee728b)  -> (artifact id: '897f00590ac6dc7b5479df940597aa51') in 0.019392 seconds
  Import took 0.024493 seconds .

========================================================================
Received Import Request.
  Time since last request: 6.187414 seconds.
  path: Assets/Sprites/square 2.png
  artifactKey: Guid(64e6724ad33f251468ee6efdce6f02c5) Importer(815301076,1909f56bfc062723c751e8b465ee728b)
Start importing Assets/Sprites/square 2.png using Guid(64e6724ad33f251468ee6efdce6f02c5) Importer(815301076,1909f56bfc062723c751e8b465ee728b)  -> (artifact id: '8d4e5e6dc34c6ec4670044aa50b05c3d') in 0.024303 seconds
  Import took 0.029208 seconds .

========================================================================
Received Import Request.
  Time since last request: 4.432851 seconds.
  path: Assets/Sprites/square 3.png
  artifactKey: Guid(89fc35dfe46da724e895261b8738d2de) Importer(815301076,1909f56bfc062723c751e8b465ee728b)
Start importing Assets/Sprites/square 3.png using Guid(89fc35dfe46da724e895261b8738d2de) Importer(815301076,1909f56bfc062723c751e8b465ee728b)  -> (artifact id: '7ded671e2ba6c8a4d96b761a62f3f9bd') in 0.024325 seconds
  Import took 0.028955 seconds .

========================================================================
Received Import Request.
  Time since last request: 4.992530 seconds.
  path: Assets/Sprites/square 4.png
  artifactKey: Guid(28313548f898c1f4293a980eba06ac67) Importer(815301076,1909f56bfc062723c751e8b465ee728b)
Start importing Assets/Sprites/square 4.png using Guid(28313548f898c1f4293a980eba06ac67) Importer(815301076,1909f56bfc062723c751e8b465ee728b)  -> (artifact id: '89f8d0ecc691cb34e4f9ab57cb34f74b') in 0.020417 seconds
  Import took 0.025135 seconds .

========================================================================
Received Import Request.
  Time since last request: 4.570883 seconds.
  path: Assets/Sprites/toggle.png
  artifactKey: Guid(27af477ee5e10344a9288e74b5c030d0) Importer(815301076,1909f56bfc062723c751e8b465ee728b)
Start importing Assets/Sprites/toggle.png using Guid(27af477ee5e10344a9288e74b5c030d0) Importer(815301076,1909f56bfc062723c751e8b465ee728b)  -> (artifact id: 'efc76dd5203bab293e4aafaf7efe70b5') in 0.011118 seconds
  Import took 0.016030 seconds .

========================================================================
Received Import Request.
  Time since last request: 5.465538 seconds.
  path: Assets/Sprites/toggle_border.png
  artifactKey: Guid(a2429a7c4feecea499018f467fc58027) Importer(815301076,1909f56bfc062723c751e8b465ee728b)
Start importing Assets/Sprites/toggle_border.png using Guid(a2429a7c4feecea499018f467fc58027) Importer(815301076,1909f56bfc062723c751e8b465ee728b)  -> (artifact id: 'e13f8145cdf28ecccae52195196fe48c') in 0.014769 seconds
  Import took 0.019503 seconds .

========================================================================
Received Import Request.
  Time since last request: 5.078931 seconds.
  path: Assets/Sprites/triangle.png
  artifactKey: Guid(1e64ad65ab32d1b498394e8058da8d5f) Importer(815301076,1909f56bfc062723c751e8b465ee728b)
Start importing Assets/Sprites/triangle.png using Guid(1e64ad65ab32d1b498394e8058da8d5f) Importer(815301076,1909f56bfc062723c751e8b465ee728b)  -> (artifact id: 'ac72b53078b96b33bb49e551e64215f2') in 0.021350 seconds
  Import took 0.026359 seconds .

========================================================================
Received Import Request.
  Time since last request: 0.003526 seconds.
  path: Assets/Sprites/triangle.png
  artifactKey: Guid(1e64ad65ab32d1b498394e8058da8d5f) Importer(815301076,1909f56bfc062723c751e8b465ee728b)
Start importing Assets/Sprites/triangle.png using Guid(1e64ad65ab32d1b498394e8058da8d5f) Importer(815301076,1909f56bfc062723c751e8b465ee728b)  -> (artifact id: 'ac72b53078b96b33bb49e551e64215f2') in 0.016904 seconds
  Import took 0.021916 seconds .

========================================================================
Received Import Request.
  Time since last request: 9.311945 seconds.
  path: Assets/Sprites/arrow.png
  artifactKey: Guid(914bdbe91ae56be448b341b3d8ffae67) Importer(815301076,1909f56bfc062723c751e8b465ee728b)
Start importing Assets/Sprites/arrow.png using Guid(914bdbe91ae56be448b341b3d8ffae67) Importer(815301076,1909f56bfc062723c751e8b465ee728b)  -> (artifact id: '1ba382c92bc112940e24e0a88e4096c7') in 0.028289 seconds
  Import took 0.032961 seconds .

========================================================================
Received Import Request.
  Time since last request: 3.558986 seconds.
  path: Assets/Sprites/button.png
  artifactKey: Guid(b18c00cfc18f1004399306c5238b90e3) Importer(815301076,1909f56bfc062723c751e8b465ee728b)
Start importing Assets/Sprites/button.png using Guid(b18c00cfc18f1004399306c5238b90e3) Importer(815301076,1909f56bfc062723c751e8b465ee728b)  -> (artifact id: '8d744fd518b6e86eb216f9eb4a8de877') in 0.012814 seconds
  Import took 0.017454 seconds .

========================================================================
Received Import Request.
  Time since last request: 3.715233 seconds.
  path: Assets/Sprites/button_border.png
  artifactKey: Guid(455560228fb8b6542811bf4fcadbe2da) Importer(815301076,1909f56bfc062723c751e8b465ee728b)
Start importing Assets/Sprites/button_border.png using Guid(455560228fb8b6542811bf4fcadbe2da) Importer(815301076,1909f56bfc062723c751e8b465ee728b)  -> (artifact id: '75b5ae6650f21e6f11cc4cf14b460229') in 0.033730 seconds
  Import took 0.038372 seconds .

========================================================================
Received Import Request.
  Time since last request: 3.148081 seconds.
  path: Assets/Sprites/circle 1.png
  artifactKey: Guid(1332b8c910786fe47886a75d143e1257) Importer(815301076,1909f56bfc062723c751e8b465ee728b)
Start importing Assets/Sprites/circle 1.png using Guid(1332b8c910786fe47886a75d143e1257) Importer(815301076,1909f56bfc062723c751e8b465ee728b)  -> (artifact id: '444008e9d3c69a309ff11336642e27c5') in 0.016087 seconds
  Import took 0.021025 seconds .

========================================================================
Received Import Request.
  Time since last request: 0.007763 seconds.
  path: Assets/Sprites/circle 1.png
  artifactKey: Guid(1332b8c910786fe47886a75d143e1257) Importer(815301076,1909f56bfc062723c751e8b465ee728b)
Start importing Assets/Sprites/circle 1.png using Guid(1332b8c910786fe47886a75d143e1257) Importer(815301076,1909f56bfc062723c751e8b465ee728b)  -> (artifact id: '444008e9d3c69a309ff11336642e27c5') in 0.018830 seconds
  Import took 0.023836 seconds .

========================================================================
Received Import Request.
  Time since last request: 2.859348 seconds.
  path: Assets/Sprites/circle 2.png
  artifactKey: Guid(e594bfadf9703a74fac58438ca248499) Importer(815301076,1909f56bfc062723c751e8b465ee728b)
Start importing Assets/Sprites/circle 2.png using Guid(e594bfadf9703a74fac58438ca248499) Importer(815301076,1909f56bfc062723c751e8b465ee728b)  -> (artifact id: '7a565ffd5a9ba432b2b71b31a5343cb9') in 0.018075 seconds
  Import took 0.022681 seconds .

========================================================================
Received Import Request.
  Time since last request: 3.305574 seconds.
  path: Assets/Sprites/circle 3.png
  artifactKey: Guid(228d8316db4bab943af1b61ea0ed79c9) Importer(815301076,1909f56bfc062723c751e8b465ee728b)
Start importing Assets/Sprites/circle 3.png using Guid(228d8316db4bab943af1b61ea0ed79c9) Importer(815301076,1909f56bfc062723c751e8b465ee728b)  -> (artifact id: '1fc55317a5a70dafd942febdca9b0641') in 0.017100 seconds
  Import took 0.022336 seconds .

========================================================================
Received Import Request.
  Time since last request: 2.512198 seconds.
  path: Assets/Sprites/circle 4.png
  artifactKey: Guid(8641f525c5300e74c892fae29f90e63c) Importer(815301076,1909f56bfc062723c751e8b465ee728b)
Start importing Assets/Sprites/circle 4.png using Guid(8641f525c5300e74c892fae29f90e63c) Importer(815301076,1909f56bfc062723c751e8b465ee728b)  -> (artifact id: '0c029f5d0d3ff2f2edf0c2b8b5b0f33e') in 0.016491 seconds
  Import took 0.021789 seconds .

========================================================================
Received Import Request.
  Time since last request: 3.468891 seconds.
  path: Assets/Sprites/square 1.png
  artifactKey: Guid(6ed53dc893f5f6742be081f68166be8b) Importer(815301076,1909f56bfc062723c751e8b465ee728b)
Start importing Assets/Sprites/square 1.png using Guid(6ed53dc893f5f6742be081f68166be8b) Importer(815301076,1909f56bfc062723c751e8b465ee728b)  -> (artifact id: 'efdff322fe8b6c2aaa5bc58474930bb9') in 0.014358 seconds
  Import took 0.019806 seconds .

========================================================================
Received Import Request.
  Time since last request: 4.284541 seconds.
  path: Assets/Sprites/square 2.png
  artifactKey: Guid(64e6724ad33f251468ee6efdce6f02c5) Importer(815301076,1909f56bfc062723c751e8b465ee728b)
Start importing Assets/Sprites/square 2.png using Guid(64e6724ad33f251468ee6efdce6f02c5) Importer(815301076,1909f56bfc062723c751e8b465ee728b)  -> (artifact id: 'cc368528bf8e8273e2816faab1831c64') in 0.015340 seconds
  Import took 0.019969 seconds .

========================================================================
Received Prepare
Registering precompiled user dll's ...
Registered in 0.003782 seconds.
Begin MonoManager ReloadAssembly
Native extension for WindowsStandalone target not found
Refreshing native plugins compatible for Editor in 0.71 ms, found 3 plugins.
Preloading 0 native plugins for Editor in 0.00 ms.
Mono: successfully reloaded assembly
- Completed reload, in  1.034 seconds
Platform modules already initialized, skipping
Switching build target platform(19) subTarget(0) extendedPlatform(0) -> platform(13) subTarget(537395200) extendedPlatform(0)
Shader 'Universal Render Pipeline/Particles/Lit': fallback shader 'Universal Render Pipeline/Particles/SimpleLit' not found
Refreshing native plugins compatible for Editor in 0.66 ms, found 3 plugins.
Preloading 0 native plugins for Editor in 0.00 ms.
Unloading 3134 Unused Serialized files (Serialized files now loaded: 0)
System memory in use before: 136.7 MB.
System memory in use after: 136.8 MB.

Unloading 22 unused Assets to reduce memory usage. Loaded Objects now: 3827.
Total: 2.728200 ms (FindLiveObjects: 0.326900 ms CreateObjectMapping: 0.077800 ms MarkObjects: 2.206200 ms  DeleteObjects: 0.116200 ms)

AssetImportParameters requested are different than current active one (requested -> active):
  custom:graphics/normal-map-encoding: 01000000000000000000000000000000 -> 02000000000000000000000000000000
========================================================================
Received Import Request.
  Time since last request: 227.013847 seconds.
  path: Assets/Scenes/Preview.unity
  artifactKey: Guid(a7cf7177c08511c40a282a31d1d737c2) Importer(815301076,1909f56bfc062723c751e8b465ee728b)
Start importing Assets/Scenes/Preview.unity using Guid(a7cf7177c08511c40a282a31d1d737c2) Importer(815301076,1909f56bfc062723c751e8b465ee728b)  -> (artifact id: 'fd1e712758795f1a2e33dda6bc211349') in 0.017580 seconds
  Import took 0.023229 seconds .

AssetImportWorkerClient::OnTransportError - code=2 error=End of file
